<?xml version="1.0" encoding="UTF-8"?>
<testng-results ignored="0" total="1" passed="1" failed="0" skipped="0">
  <reporter-output>
  </reporter-output>
  <suite started-at="2022-06-24T10:53:31 IST" name="Default suite" finished-at="2022-06-24T10:53:32 IST" duration-ms="875">
    <groups>
      <group name="cucumber">
        <method signature="AbstractTestNGCucumberTests.runScenario(io.cucumber.testng.PickleWrapper,io.cucumber.testng.FeatureWrapper)[pri:0, instance:TestNGCucumberoption.TestNGRunner@32502377]" name="runScenario" class="io.cucumber.testng.AbstractTestNGCucumberTests"/>
      </group> <!-- cucumber -->
    </groups>
    <test started-at="2022-06-24T10:53:31 IST" name="Default test" finished-at="2022-06-24T10:53:32 IST" duration-ms="875">
      <class name="TestNGCucumberoption.TestNGRunner">
        <test-method is-config="true" signature="setUpClass(org.testng.ITestContext)[pri:0, instance:TestNGCucumberoption.TestNGRunner@32502377]" started-at="2022-06-24T10:53:31 IST" name="setUpClass" finished-at="2022-06-24T10:53:32 IST" duration-ms="614" status="PASS">
          <params>
            <param index="0">
              <value>
                <![CDATA[org.testng.TestRunner@1de5f0ef]]>
              </value>
            </param>
          </params>
          <reporter-output>
          </reporter-output>
        </test-method> <!-- setUpClass -->
        <test-method signature="runScenario(io.cucumber.testng.PickleWrapper,io.cucumber.testng.FeatureWrapper)[pri:0, instance:TestNGCucumberoption.TestNGRunner@32502377]" started-at="2022-06-24T10:53:32 IST" name="runScenario" description="Runs Cucumber Scenarios" data-provider="scenarios" finished-at="2022-06-24T10:53:32 IST" duration-ms="141" status="PASS">
          <params>
            <param index="0">
              <value>
                <![CDATA["Test 1st user with 1st user name and password"]]>
              </value>
            </param>
            <param index="1">
              <value>
                <![CDATA["Test sause demo"]]>
              </value>
            </param>
          </params>
          <reporter-output>
          </reporter-output>
        </test-method> <!-- runScenario -->
        <test-method is-config="true" signature="tearDownClass()[pri:0, instance:TestNGCucumberoption.TestNGRunner@32502377]" started-at="2022-06-24T10:53:32 IST" name="tearDownClass" finished-at="2022-06-24T10:53:32 IST" duration-ms="28" status="PASS">
          <reporter-output>
          </reporter-output>
        </test-method> <!-- tearDownClass -->
      </class> <!-- TestNGCucumberoption.TestNGRunner -->
    </test> <!-- Default test -->
  </suite> <!-- Default suite -->
</testng-results>
